[00:41:36] [Server thread/INFO]: whitehairguy lost connection: Disconnected
[00:41:36] [Server thread/INFO]: whitehairguy left the game
[00:45:08] [Server thread/INFO]: whitehairguy[/127.0.0.1:50654] logged in with entity id 43633 at (4231.466788933969, 78.0, -8395.557188009763)
[00:45:08] [Server thread/INFO]: Loading config from file...
[00:45:08] [Server thread/INFO]: whitehairguy joined the game
[00:46:36] [Server thread/INFO]: whitehairguy lost connection: Disconnected
[00:46:36] [Server thread/INFO]: whitehairguy left the game
[00:46:36] [Server thread/WARN]: handleDisconnection() called twice
[01:21:05] [Server thread/INFO]: whitehairguy[/127.0.0.1:42208] logged in with entity id 44546 at (4241.137499988079, 72.0, -8396.862500011921)
[01:21:05] [Server thread/INFO]: Loading config from file...
[01:21:05] [Server thread/INFO]: whitehairguy joined the game
[01:22:35] [Server thread/INFO]: whitehairguy lost connection: Disconnected
[01:22:35] [Server thread/INFO]: whitehairguy left the game
[01:23:55] [Server thread/INFO]: whitehairguy[/127.0.0.1:57894] logged in with entity id 45583 at (4238.669020873273, 76.0, -8394.414045105575)
[01:23:55] [Server thread/INFO]: Loading config from file...
[01:23:55] [Server thread/INFO]: whitehairguy joined the game
[01:24:08] [Server thread/INFO]: whitehairguy lost connection: Disconnected
[01:24:08] [Server thread/INFO]: whitehairguy left the game
[01:25:08] [Server thread/INFO]: whitehairguy[/127.0.0.1:48304] logged in with entity id 45929 at (4235.722735717613, 76.0, -8396.358498044432)
[01:25:08] [Server thread/INFO]: Loading config from file...
[01:25:08] [Server thread/INFO]: whitehairguy joined the game
[01:26:39] [Server thread/INFO]: whitehairguy lost connection: Disconnected
[01:26:39] [Server thread/INFO]: whitehairguy left the game
[01:27:56] [Server thread/INFO]: whitehairguy[/127.0.0.1:55772] logged in with entity id 47020 at (4239.221668538465, 71.0, -8402.900279235637)
[01:27:56] [Server thread/INFO]: Loading config from file...
[01:27:56] [Server thread/INFO]: whitehairguy joined the game
[01:29:13] [Server thread/INFO]: whitehairguy lost connection: Disconnected
[01:29:13] [Server thread/INFO]: whitehairguy left the game
[01:29:40] [Server thread/INFO]: whitehairguy[/127.0.0.1:52846] logged in with entity id 47949 at (4234.321852319813, 72.0, -8396.334214276643)
[01:29:40] [Server thread/INFO]: Loading config from file...
[01:29:41] [Server thread/INFO]: whitehairguy joined the game
[01:31:12] [Server thread/INFO]: whitehairguy lost connection: Disconnected
[01:31:12] [Server thread/INFO]: whitehairguy left the game
[01:31:23] [Server thread/INFO]: whitehairguy[/127.0.0.1:52216] logged in with entity id 48971 at (4246.932485465145, 69.0, -8387.063123394815)
[01:31:23] [Server thread/INFO]: Loading config from file...
[01:31:23] [Server thread/INFO]: whitehairguy joined the game
[01:31:34] [Server thread/INFO]: whitehairguy lost connection: Disconnected
[01:31:34] [Server thread/INFO]: whitehairguy left the game
[01:32:13] [Server thread/INFO]: whitehairguy[/127.0.0.1:53738] logged in with entity id 49366 at (4246.932485465145, 69.0, -8387.063123394815)
[01:32:13] [Server thread/INFO]: Loading config from file...
[01:32:13] [Server thread/INFO]: whitehairguy joined the game
[01:34:02] [Server thread/WARN]: Can't keep up! Is the server overloaded? Running 2009ms or 40 ticks behind
[01:34:21] [Server thread/WARN]: Can't keep up! Is the server overloaded? Running 4329ms or 86 ticks behind
[01:38:06] [Server thread/INFO]: whitehairguy lost connection: Disconnected
[01:38:06] [Server thread/INFO]: whitehairguy left the game
[01:38:06] [Server thread/WARN]: handleDisconnection() called twice
[02:50:55] [Server thread/INFO]: whitehairguy[/127.0.0.1:58412] logged in with entity id 51575 at (4240.5, 72.06875000000001, -8395.5)
[02:50:55] [Server thread/INFO]: Loading config from file...
[02:50:55] [Server thread/INFO]: whitehairguy joined the game
[02:52:14] [Server thread/WARN]: Can't keep up! Is the server overloaded? Running 2011ms or 40 ticks behind
[02:52:46] [Server thread/WARN]: Can't keep up! Is the server overloaded? Running 2026ms or 40 ticks behind
[02:53:04] [Server thread/WARN]: Can't keep up! Is the server overloaded? Running 2172ms or 43 ticks behind
[02:53:21] [Server thread/WARN]: Can't keep up! Is the server overloaded? Running 2295ms or 45 ticks behind
[02:54:00] [Server thread/INFO]: whitehairguy lost connection: Disconnected
[02:54:00] [Server thread/INFO]: whitehairguy left the game
[02:54:40] [Server thread/INFO]: whitehairguy[/127.0.0.1:44230] logged in with entity id 54114 at (4235.111893679341, 72.0, -8398.526155757474)
[02:54:40] [Server thread/INFO]: Loading config from file...
[02:54:40] [Server thread/INFO]: whitehairguy joined the game
[02:56:16] [Server thread/INFO]: whitehairguy lost connection: Disconnected
[02:56:16] [Server thread/INFO]: whitehairguy left the game
[02:56:48] [Server thread/INFO]: whitehairguy[/127.0.0.1:57304] logged in with entity id 55132 at (4236.02745926632, 72.5625, -8396.610920890134)
[02:56:48] [Server thread/INFO]: Loading config from file...
[02:56:49] [Server thread/INFO]: whitehairguy joined the game
[02:57:17] [Server thread/INFO]: whitehairguy lost connection: Disconnected
[02:57:17] [Server thread/INFO]: whitehairguy left the game
[02:57:25] [Server thread/INFO]: whitehairguy[/127.0.0.1:59752] logged in with entity id 55672 at (4239.0953565331865, 72.0, -8395.521368305173)
[02:57:25] [Server thread/INFO]: Loading config from file...
[02:57:25] [Server thread/INFO]: whitehairguy joined the game
[02:57:29] [Server thread/INFO]: whitehairguy lost connection: Disconnected
[02:57:29] [Server thread/INFO]: whitehairguy left the game
[02:57:58] [Server thread/INFO]: whitehairguy[/127.0.0.1:34872] logged in with entity id 56051 at (4239.0953565331865, 72.0, -8395.521368305173)
[02:57:58] [Server thread/INFO]: Loading config from file...
[02:57:58] [Server thread/INFO]: whitehairguy joined the game
[02:58:48] [Server thread/INFO]: whitehairguy lost connection: Disconnected
[02:58:48] [Server thread/INFO]: whitehairguy left the game
[02:59:20] [Server thread/INFO]: whitehairguy[/127.0.0.1:39420] logged in with entity id 56908 at (4238.639289077839, 72.0, -8395.180649803375)
[02:59:20] [Server thread/INFO]: Loading config from file...
[02:59:20] [Server thread/INFO]: whitehairguy joined the game
[03:00:21] [Server thread/WARN]: Can't keep up! Is the server overloaded? Running 2003ms or 40 ticks behind
[03:00:53] [Server thread/INFO]: whitehairguy lost connection: Disconnected
[03:00:53] [Server thread/INFO]: whitehairguy left the game
[03:00:59] [Server thread/INFO]: whitehairguy[/127.0.0.1:43348] logged in with entity id 57866 at (4234.697100350225, 72.0, -8395.89239320782)
[03:00:59] [Server thread/INFO]: Loading config from file...
[03:00:59] [Server thread/INFO]: whitehairguy joined the game
[03:01:16] [Server thread/INFO]: whitehairguy lost connection: Disconnected
[03:01:16] [Server thread/INFO]: whitehairguy left the game
[03:01:47] [Server thread/INFO]: whitehairguy[/127.0.0.1:50948] logged in with entity id 58372 at (4234.697100350225, 72.0, -8395.89239320782)
[03:01:47] [Server thread/INFO]: Loading config from file...
[03:01:47] [Server thread/INFO]: whitehairguy joined the game
[03:02:46] [Server thread/INFO]: whitehairguy lost connection: Disconnected
[03:02:46] [Server thread/INFO]: whitehairguy left the game
[03:03:18] [Server thread/INFO]: whitehairguy[/127.0.0.1:58024] logged in with entity id 59295 at (4235.422958691369, 72.0, -8396.565944178807)
[03:03:18] [Server thread/INFO]: Loading config from file...
[03:03:18] [Server thread/INFO]: whitehairguy joined the game
[03:07:01] [Server thread/WARN]: Can't keep up! Is the server overloaded? Running 2010ms or 40 ticks behind
[03:12:10] [Server thread/INFO]: whitehairguy lost connection: Disconnected
[03:12:10] [Server thread/INFO]: whitehairguy left the game
[03:13:10] [Server thread/INFO]: whitehairguy[/127.0.0.1:35942] logged in with entity id 62297 at (4235.289632189796, 72.0, -8396.338904021886)
[03:13:10] [Server thread/INFO]: Loading config from file...
[03:13:10] [Server thread/INFO]: whitehairguy joined the game
[03:14:11] [Server thread/INFO]: whitehairguy lost connection: Disconnected
[03:14:11] [Server thread/INFO]: whitehairguy left the game
[03:14:11] [Server thread/WARN]: handleDisconnection() called twice
[03:15:46] [Server thread/INFO]: whitehairguy[/127.0.0.1:53530] logged in with entity id 63187 at (4234.226063928722, 72.0, -8396.431810180062)
[03:15:46] [Server thread/INFO]: Loading config from file...
[03:15:46] [Server thread/INFO]: whitehairguy joined the game
[03:16:50] [Server thread/INFO]: whitehairguy lost connection: Disconnected
[03:16:50] [Server thread/INFO]: whitehairguy left the game
[03:16:50] [Server thread/WARN]: handleDisconnection() called twice
[03:59:15] [Server thread/INFO]: whitehairguy[/127.0.0.1:44696] logged in with entity id 64078 at (4260.273607565459, 72.0, -8415.329541592839)
[03:59:15] [Server thread/INFO]: Loading config from file...
[03:59:15] [Server thread/INFO]: whitehairguy joined the game
[04:02:50] [Server thread/WARN]: Can't keep up! Is the server overloaded? Running 2007ms or 40 ticks behind
[04:05:44] [Server thread/INFO]: whitehairguy lost connection: Disconnected
[04:05:44] [Server thread/INFO]: whitehairguy left the game
[04:06:12] [Server thread/INFO]: whitehairguy[/127.0.0.1:55116] logged in with entity id 66681 at (4234.376231399745, 72.0, -8396.824502257168)
[04:06:12] [Server thread/INFO]: Loading config from file...
[04:06:12] [Server thread/INFO]: whitehairguy joined the game
[04:06:23] [Server thread/INFO]: whitehairguy lost connection: Disconnected
[04:06:23] [Server thread/INFO]: whitehairguy left the game
[04:06:26] [Server thread/INFO]: Stopping server
[04:06:26] [Server thread/INFO]: Saving players
[04:06:26] [Server thread/INFO]: Saving worlds
